\BOOKMARK [0][-]{chapter.1}{1 Introduction}{}% 1
\BOOKMARK [0][-]{chapter.2}{2 The Condition}{}% 2
\BOOKMARK [0][-]{chapter.3}{3 Rationale}{}% 3
\BOOKMARK [1][-]{section.3.1}{3.1 Medical Rational}{chapter.3}% 4
\BOOKMARK [2][-]{subsection.3.1.1}{3.1.1 Prevalence}{section.3.1}% 5
\BOOKMARK [2][-]{subsection.3.1.2}{3.1.2 Prognosis}{section.3.1}% 6
\BOOKMARK [1][-]{section.3.2}{3.2 Economic Rationale}{chapter.3}% 7
\BOOKMARK [2][-]{subsection.3.2.1}{3.2.1 Current Solutions}{section.3.2}% 8
\BOOKMARK [2][-]{subsection.3.2.2}{3.2.2 Proposed App - Where it fits in}{section.3.2}% 9
\BOOKMARK [2][-]{subsection.3.2.3}{3.2.3 Advantages of proposed app}{section.3.2}% 10
\BOOKMARK [0][-]{chapter.4}{4 The app}{}% 11
\BOOKMARK [1][-]{section.4.1}{4.1 Structure Of The App}{chapter.4}% 12
\BOOKMARK [2][-]{subsection.4.1.1}{4.1.1 Home Activity}{section.4.1}% 13
\BOOKMARK [2][-]{subsection.4.1.2}{4.1.2 Questionnaire Activity}{section.4.1}% 14
\BOOKMARK [2][-]{subsection.4.1.3}{4.1.3 Sound Analysis Activity}{section.4.1}% 15
\BOOKMARK [2][-]{subsection.4.1.4}{4.1.4 Results Activity}{section.4.1}% 16
\BOOKMARK [0][-]{chapter.5}{5 Design Process}{}% 17
\BOOKMARK [1][-]{section.5.1}{5.1 Diagnostic Approaches}{chapter.5}% 18
\BOOKMARK [1][-]{section.5.2}{5.2 Audio}{chapter.5}% 19
\BOOKMARK [2][-]{subsection.5.2.1}{5.2.1 Scoring of apnoea R\046K vs. AASM}{section.5.2}% 20
\BOOKMARK [2][-]{subsection.5.2.2}{5.2.2 Methods of analysis}{section.5.2}% 21
\BOOKMARK [2][-]{subsection.5.2.3}{5.2.3 Frequency of Prominent Peaks}{section.5.2}% 22
\BOOKMARK [2][-]{subsection.5.2.4}{5.2.4 Power Ratio}{section.5.2}% 23
\BOOKMARK [2][-]{subsection.5.2.5}{5.2.5 Sound Intensity}{section.5.2}% 24
